<?xml version="1.0" encoding="UTF-8"?>
<!-- Generated by org.testng.reporters.JUnitReportReporter -->
<testsuite hostname="DELL-PC" failures="0" tests="1" name="selenium_app_feature.main.tests.TabelExamples" time="34.611" errors="0" timestamp="2022-03-07T23:48:30 IST" skipped="0">
  <testcase classname="selenium_app_feature.main.tests.TabelExamples" name="test_tables" time="34.611"/>
  <system-out/>
</testsuite> <!-- selenium_app_feature.main.tests.TabelExamples -->
