<?xml version="1.0" encoding="UTF-8"?>
<!-- Generated by org.testng.reporters.JUnitReportReporter -->
<testsuite hostname="DELL-PC" failures="0" tests="2" name="selenium_app_feature.main.tests.DemoTest" time="95.419" errors="0" timestamp="2022-02-27T20:12:33 IST" skipped="0">
  <testcase classname="selenium_app_feature.main.tests.DemoTest" name="test_app1" time="44.355"/>
  <system-out/>
  <testcase classname="selenium_app_feature.main.tests.DemoTest" name="test_app2" time="51.064"/>
  <system-out/>
</testsuite> <!-- selenium_app_feature.main.tests.DemoTest -->
