<?xml version="1.0" encoding="UTF-8"?>
<!-- Generated by org.testng.reporters.JUnitReportReporter -->
<testsuite hostname="DELL-PC" failures="0" tests="1" name="selenium_app_feature.main.tests.JsTest" time="19.354" errors="0" timestamp="2022-02-27T21:01:58 IST" skipped="0">
  <testcase classname="selenium_app_feature.main.tests.JsTest" name="jsTest01" time="19.354"/>
  <system-out/>
</testsuite> <!-- selenium_app_feature.main.tests.JsTest -->
