<?xml version="1.0" encoding="UTF-8"?>
<!-- Generated by org.testng.reporters.JUnitReportReporter -->
<testsuite hostname="DELL-PC" failures="0" tests="1" name="selenium_app_feature.tests.SmokeFeature" time="12.759" errors="0" timestamp="2022-02-24T22:17:13 IST" skipped="0">
  <testcase classname="selenium_app_feature.tests.SmokeFeature" name="test01" time="12.759"/>
  <system-out/>
</testsuite> <!-- selenium_app_feature.tests.SmokeFeature -->
