<?xml version="1.0" encoding="UTF-8"?>
<!-- Generated by org.testng.reporters.JUnitReportReporter -->
<testsuite hostname="DELL-PC" failures="0" tests="2" name="selenium_app_feature.main.tests.DemoSmoke" time="85.725" errors="0" timestamp="2022-02-27T17:41:39 IST" skipped="0">
  <testcase classname="selenium_app_feature.main.tests.DemoSmoke" name="test_01_xpath" time="63.594"/>
  <system-out/>
  <testcase classname="selenium_app_feature.main.tests.DemoSmoke" name="test_01_css" time="22.131"/>
  <system-out/>
</testsuite> <!-- selenium_app_feature.main.tests.DemoSmoke -->
